<!DOCTYPE html PUBLIC "-//W3C//DTD XHTML 1.1//EN" "http://www.w3.org/TR/xhtml11/DTD/xhtml11.dtd">
<html xmlns="http://www.w3.org/1999/xhtml">
<head>
<meta http-equiv="content-type" content="text/html; charset=UTF-8"/>
<title>TestNG Report</title>
<style type="text/css">table {margin-bottom:10px;border-collapse:collapse;empty-cells:show}th,td {border:1px solid #009;padding:.25em .5em}th {vertical-align:bottom}td {vertical-align:top}table a {font-weight:bold}.stripe td {background-color: #E6EBF9}.num {text-align:right}.passedodd td {background-color: #3F3}.passedeven td {background-color: #0A0}.skippedodd td {background-color: #DDD}.skippedeven td {background-color: #CCC}.failedodd td,.attn {background-color: #F33}.failedeven td,.stripe .attn {background-color: #D00}.stacktrace {white-space:pre;font-family:monospace}.totop {font-size:85%;text-align:center;border-bottom:2px solid #000}.invisible {display:none}</style>
</head>
<body>
<table>
<tr><th>Test</th><th># Passed</th><th># Skipped</th><th># Failed</th><th>Time (ms)</th><th>Included Groups</th><th>Excluded Groups</th></tr>
<tr><th colspan="7">search-module</th></tr>
<tr><td><a href="#t0">search-test-java</a></td><td class="num">0</td><td class="num">0</td><td class="num attn">1</td><td class="num">48,623</td><td></td><td></td></tr>
<tr class="stripe"><td><a href="#t1">search-test-kubernetes</a></td><td class="num">0</td><td class="num">0</td><td class="num attn">1</td><td class="num">48,994</td><td></td><td></td></tr>
<tr><td><a href="#t2">search-test-python</a></td><td class="num">0</td><td class="num">0</td><td class="num attn">1</td><td class="num">47,520</td><td></td><td></td></tr>
<tr class="stripe"><td><a href="#t3">search-test-docker</a></td><td class="num">0</td><td class="num">0</td><td class="num attn">1</td><td class="num">41,688</td><td></td><td></td></tr>
<tr><th>Total</th><th class="num">0</th><th class="num">0</th><th class="num attn">4</th><th class="num">186,825</th><th colspan="2"></th></tr>
</table>
<table id='summary'><thead><tr><th>Class</th><th>Method</th><th>Start</th><th>Time (ms)</th></tr></thead><tbody><tr><th colspan="4">search-module</th></tr></tbody><tbody id="t0"><tr><th colspan="4">search-test-java &#8212; failed</th></tr><tr class="failedeven"><td rowspan="1">com.searchmodule.tests.SearchTest</td><td><a href="#m0">search</a></td><td rowspan="1">1631176463434</td><td rowspan="1">38350</td></tr></tbody>
<tbody id="t1"><tr><th colspan="4">search-test-kubernetes &#8212; failed</th></tr><tr class="failedeven"><td rowspan="1">com.searchmodule.tests.SearchTest</td><td><a href="#m1">search</a></td><td rowspan="1">1631176509056</td><td rowspan="1">41389</td></tr></tbody>
<tbody id="t2"><tr><th colspan="4">search-test-python &#8212; failed</th></tr><tr class="failedeven"><td rowspan="1">com.searchmodule.tests.SearchTest</td><td><a href="#m2">search</a></td><td rowspan="1">1631176559878</td><td rowspan="1">39709</td></tr></tbody>
<tbody id="t3"><tr><th colspan="4">search-test-docker &#8212; failed</th></tr><tr class="failedeven"><td rowspan="1">com.searchmodule.tests.SearchTest</td><td><a href="#m3">search</a></td><td rowspan="1">1631176606581</td><td rowspan="1">35000</td></tr></tbody>
</table>
<h2>search-test-java</h2><h3 id="m0">com.searchmodule.tests.SearchTest#search</h3><table class="result"><tr class="param"><th>Parameter #1</th></tr><tr class="param stripe"><td>java</td></tr><tr><th>Exception</th></tr><tr><td><div class="stacktrace">org.openqa.selenium.TimeoutException: Expected condition failed: waiting for number of elements found by By.className: tile--vid to be &quot;0&quot;. Current number: &quot;60&quot; (tried for 30 second(s) with 500 milliseconds interval)
Build info: version: &apos;3.141.5&apos;, revision: &apos;d54ebd709a&apos;, time: &apos;2018-11-06T11:42:16&apos;
System info: host: &apos;8bcef92579bc&apos;, ip: &apos;172.19.0.6&apos;, os.name: &apos;Linux&apos;, os.arch: &apos;amd64&apos;, os.version: &apos;5.10.16.3-microsoft-standard-WSL2&apos;, java.version: &apos;1.8.0_191&apos;
Driver info: org.openqa.selenium.remote.RemoteWebDriver
Capabilities {acceptInsecureCerts: true, browserName: firefox, browserVersion: 63.0.1, javascriptEnabled: true, moz:accessibilityChecks: false, moz:geckodriverVersion: 0.23.0, moz:headless: false, moz:processID: 80, moz:profile: /tmp/rust_mozprofile.3SC239..., moz:useNonSpecCompliantPointerOrigin: false, moz:webdriverClick: true, pageLoadStrategy: normal, platform: LINUX, platformName: LINUX, platformVersion: 5.10.16.3-microsoft-standar..., rotatable: false, setWindowRect: true, timeouts: {implicit: 0, pageLoad: 300000, script: 30000}, unhandledPromptBehavior: dismiss and notify, webdriver.remote.sessionid: b079ebd9-9805-46bc-a709-d2f...}
Session ID: b079ebd9-9805-46bc-a709-d2f667e8669e
	at org.openqa.selenium.support.ui.WebDriverWait.timeoutException(WebDriverWait.java:95)
	at org.openqa.selenium.support.ui.FluentWait.until(FluentWait.java:272)
	at com.searchmodule.pages.SearchPage.getResult(SearchPage.java:52)
	at com.searchmodule.tests.SearchTest.search(SearchTest.java:24)
... Removed 24 stack frames</div></td></tr></table><p class="totop"><a href="#summary">back to summary</a></p>
<h2>search-test-kubernetes</h2><h3 id="m1">com.searchmodule.tests.SearchTest#search</h3><table class="result"><tr class="param"><th>Parameter #1</th></tr><tr class="param stripe"><td>kubernetes</td></tr><tr><th>Exception</th></tr><tr><td><div class="stacktrace">org.openqa.selenium.TimeoutException: Expected condition failed: waiting for number of elements found by By.className: tile--vid to be &quot;0&quot;. Current number: &quot;60&quot; (tried for 30 second(s) with 500 milliseconds interval)
Build info: version: &apos;3.141.5&apos;, revision: &apos;d54ebd709a&apos;, time: &apos;2018-11-06T11:42:16&apos;
System info: host: &apos;8bcef92579bc&apos;, ip: &apos;172.19.0.6&apos;, os.name: &apos;Linux&apos;, os.arch: &apos;amd64&apos;, os.version: &apos;5.10.16.3-microsoft-standard-WSL2&apos;, java.version: &apos;1.8.0_191&apos;
Driver info: org.openqa.selenium.remote.RemoteWebDriver
Capabilities {acceptInsecureCerts: true, browserName: firefox, browserVersion: 63.0.1, javascriptEnabled: true, moz:accessibilityChecks: false, moz:geckodriverVersion: 0.23.0, moz:headless: false, moz:processID: 322, moz:profile: /tmp/rust_mozprofile.OK6CXH..., moz:useNonSpecCompliantPointerOrigin: false, moz:webdriverClick: true, pageLoadStrategy: normal, platform: LINUX, platformName: LINUX, platformVersion: 5.10.16.3-microsoft-standar..., rotatable: false, setWindowRect: true, timeouts: {implicit: 0, pageLoad: 300000, script: 30000}, unhandledPromptBehavior: dismiss and notify, webdriver.remote.sessionid: 5154d226-2f27-4007-9ccd-0e8...}
Session ID: 5154d226-2f27-4007-9ccd-0e8b216818c7
	at org.openqa.selenium.support.ui.WebDriverWait.timeoutException(WebDriverWait.java:95)
	at org.openqa.selenium.support.ui.FluentWait.until(FluentWait.java:272)
	at com.searchmodule.pages.SearchPage.getResult(SearchPage.java:52)
	at com.searchmodule.tests.SearchTest.search(SearchTest.java:24)
... Removed 24 stack frames</div></td></tr></table><p class="totop"><a href="#summary">back to summary</a></p>
<h2>search-test-python</h2><h3 id="m2">com.searchmodule.tests.SearchTest#search</h3><table class="result"><tr class="param"><th>Parameter #1</th></tr><tr class="param stripe"><td>python</td></tr><tr><th>Exception</th></tr><tr><td><div class="stacktrace">org.openqa.selenium.TimeoutException: Expected condition failed: waiting for number of elements found by By.className: tile--vid to be &quot;0&quot;. Current number: &quot;60&quot; (tried for 30 second(s) with 500 milliseconds interval)
Build info: version: &apos;3.141.5&apos;, revision: &apos;d54ebd709a&apos;, time: &apos;2018-11-06T11:42:16&apos;
System info: host: &apos;8bcef92579bc&apos;, ip: &apos;172.19.0.6&apos;, os.name: &apos;Linux&apos;, os.arch: &apos;amd64&apos;, os.version: &apos;5.10.16.3-microsoft-standard-WSL2&apos;, java.version: &apos;1.8.0_191&apos;
Driver info: org.openqa.selenium.remote.RemoteWebDriver
Capabilities {acceptInsecureCerts: true, browserName: firefox, browserVersion: 63.0.1, javascriptEnabled: true, moz:accessibilityChecks: false, moz:geckodriverVersion: 0.23.0, moz:headless: false, moz:processID: 554, moz:profile: /tmp/rust_mozprofile.gFF6fz..., moz:useNonSpecCompliantPointerOrigin: false, moz:webdriverClick: true, pageLoadStrategy: normal, platform: LINUX, platformName: LINUX, platformVersion: 5.10.16.3-microsoft-standar..., rotatable: false, setWindowRect: true, timeouts: {implicit: 0, pageLoad: 300000, script: 30000}, unhandledPromptBehavior: dismiss and notify, webdriver.remote.sessionid: 3e348e71-0954-40dc-9813-7ef...}
Session ID: 3e348e71-0954-40dc-9813-7ef6dcc1b43e
	at org.openqa.selenium.support.ui.WebDriverWait.timeoutException(WebDriverWait.java:95)
	at org.openqa.selenium.support.ui.FluentWait.until(FluentWait.java:272)
	at com.searchmodule.pages.SearchPage.getResult(SearchPage.java:52)
	at com.searchmodule.tests.SearchTest.search(SearchTest.java:24)
... Removed 24 stack frames</div></td></tr></table><p class="totop"><a href="#summary">back to summary</a></p>
<h2>search-test-docker</h2><h3 id="m3">com.searchmodule.tests.SearchTest#search</h3><table class="result"><tr class="param"><th>Parameter #1</th></tr><tr class="param stripe"><td>docker</td></tr><tr><th>Exception</th></tr><tr><td><div class="stacktrace">org.openqa.selenium.TimeoutException: Expected condition failed: waiting for number of elements found by By.className: tile--vid to be &quot;0&quot;. Current number: &quot;60&quot; (tried for 30 second(s) with 500 milliseconds interval)
Build info: version: &apos;3.141.5&apos;, revision: &apos;d54ebd709a&apos;, time: &apos;2018-11-06T11:42:16&apos;
System info: host: &apos;8bcef92579bc&apos;, ip: &apos;172.19.0.6&apos;, os.name: &apos;Linux&apos;, os.arch: &apos;amd64&apos;, os.version: &apos;5.10.16.3-microsoft-standard-WSL2&apos;, java.version: &apos;1.8.0_191&apos;
Driver info: org.openqa.selenium.remote.RemoteWebDriver
Capabilities {acceptInsecureCerts: true, browserName: firefox, browserVersion: 63.0.1, javascriptEnabled: true, moz:accessibilityChecks: false, moz:geckodriverVersion: 0.23.0, moz:headless: false, moz:processID: 789, moz:profile: /tmp/rust_mozprofile.balFZt..., moz:useNonSpecCompliantPointerOrigin: false, moz:webdriverClick: true, pageLoadStrategy: normal, platform: LINUX, platformName: LINUX, platformVersion: 5.10.16.3-microsoft-standar..., rotatable: false, setWindowRect: true, timeouts: {implicit: 0, pageLoad: 300000, script: 30000}, unhandledPromptBehavior: dismiss and notify, webdriver.remote.sessionid: fb1d22cf-7976-4bab-a548-0f6...}
Session ID: fb1d22cf-7976-4bab-a548-0f6d24973d3d
	at org.openqa.selenium.support.ui.WebDriverWait.timeoutException(WebDriverWait.java:95)
	at org.openqa.selenium.support.ui.FluentWait.until(FluentWait.java:272)
	at com.searchmodule.pages.SearchPage.getResult(SearchPage.java:52)
	at com.searchmodule.tests.SearchTest.search(SearchTest.java:24)
... Removed 24 stack frames</div></td></tr></table><p class="totop"><a href="#summary">back to summary</a></p>
</body>
</html>
